2025-12-05 19:36:02,934 [INFO] [RtspServer.cc:20][main] Starting Multi-Thread RTSP Server...
2025-12-05 19:36:02,934 [INFO] [reactor/Acceptor.cc:8][Acceptor] Acceptor created - IP: 0.0.0.0, Port: 8554
2025-12-05 19:36:02,934 [DEBUG] [reactor/EventLoop.cc:206][createEpollFd] Created epoll fd: 6
2025-12-05 19:36:02,934 [DEBUG] [reactor/Eventor.cc:6][Eventor] Eventor created with fd: 7
2025-12-05 19:36:02,934 [DEBUG] [reactor/TimerManager.cc:10][TimerManager] TimeManager created with fd: 8
2025-12-05 19:36:02,934 [INFO] [reactor/EventLoop.cc:219][addEpollReadFd] AddEpollReadFd fd=5, loop thread id=130531869643648
2025-12-05 19:36:02,935 [INFO] [reactor/EventLoop.cc:35][EventLoop] Main EventLoop created, listening on fd: 5
2025-12-05 19:36:02,935 [INFO] [reactor/ThreadPool.cc:11][ThreadPool] ThreadPool created - threads: 4, queue size: 10
2025-12-05 19:36:02,935 [INFO] [reactor/MultiThreadEventLoop.cc:23][MultiThreadEventLoop] MultiThreadEventLoop created - IP: 0.0.0.0, Port: 8554, Threads: 4
2025-12-05 19:36:02,935 [DEBUG] [reactor/EventLoop.cc:206][createEpollFd] Created epoll fd: 9
2025-12-05 19:36:02,935 [DEBUG] [reactor/Eventor.cc:6][Eventor] Eventor created with fd: 10
2025-12-05 19:36:02,935 [DEBUG] [reactor/TimerManager.cc:10][TimerManager] TimeManager created with fd: 11
2025-12-05 19:36:02,935 [INFO] [reactor/EventLoop.cc:219][addEpollReadFd] AddEpollReadFd fd=10, loop thread id=130531869643648
2025-12-05 19:36:02,935 [INFO] [reactor/EventLoop.cc:219][addEpollReadFd] AddEpollReadFd fd=11, loop thread id=130531869643648
2025-12-05 19:36:02,935 [INFO] [reactor/EventLoop.cc:40][EventLoop] Sub EventLoop created
2025-12-05 19:36:02,936 [DEBUG] [reactor/MultiThreadEventLoop.cc:28][MultiThreadEventLoop] Created sub EventLoop 0
2025-12-05 19:36:02,936 [DEBUG] [reactor/EventLoop.cc:206][createEpollFd] Created epoll fd: 12
2025-12-05 19:36:02,936 [DEBUG] [reactor/Eventor.cc:6][Eventor] Eventor created with fd: 13
2025-12-05 19:36:02,936 [DEBUG] [reactor/TimerManager.cc:10][TimerManager] TimeManager created with fd: 14
2025-12-05 19:36:02,936 [INFO] [reactor/EventLoop.cc:219][addEpollReadFd] AddEpollReadFd fd=13, loop thread id=130531869643648
2025-12-05 19:36:02,936 [INFO] [reactor/EventLoop.cc:219][addEpollReadFd] AddEpollReadFd fd=14, loop thread id=130531869643648
2025-12-05 19:36:02,936 [INFO] [reactor/EventLoop.cc:40][EventLoop] Sub EventLoop created
2025-12-05 19:36:02,936 [DEBUG] [reactor/MultiThreadEventLoop.cc:28][MultiThreadEventLoop] Created sub EventLoop 1
2025-12-05 19:36:02,936 [DEBUG] [reactor/EventLoop.cc:206][createEpollFd] Created epoll fd: 15
2025-12-05 19:36:02,936 [DEBUG] [reactor/Eventor.cc:6][Eventor] Eventor created with fd: 16
2025-12-05 19:36:02,936 [DEBUG] [reactor/TimerManager.cc:10][TimerManager] TimeManager created with fd: 17
2025-12-05 19:36:02,936 [INFO] [reactor/EventLoop.cc:219][addEpollReadFd] AddEpollReadFd fd=16, loop thread id=130531869643648
2025-12-05 19:36:02,936 [INFO] [reactor/EventLoop.cc:219][addEpollReadFd] AddEpollReadFd fd=17, loop thread id=130531869643648
2025-12-05 19:36:02,936 [INFO] [reactor/EventLoop.cc:40][EventLoop] Sub EventLoop created
2025-12-05 19:36:02,936 [DEBUG] [reactor/MultiThreadEventLoop.cc:28][MultiThreadEventLoop] Created sub EventLoop 2
2025-12-05 19:36:02,936 [DEBUG] [reactor/EventLoop.cc:206][createEpollFd] Created epoll fd: 18
2025-12-05 19:36:02,936 [DEBUG] [reactor/Eventor.cc:6][Eventor] Eventor created with fd: 19
2025-12-05 19:36:02,936 [DEBUG] [reactor/TimerManager.cc:10][TimerManager] TimeManager created with fd: 20
2025-12-05 19:36:02,936 [INFO] [reactor/EventLoop.cc:219][addEpollReadFd] AddEpollReadFd fd=19, loop thread id=130531869643648
2025-12-05 19:36:02,936 [INFO] [reactor/EventLoop.cc:219][addEpollReadFd] AddEpollReadFd fd=20, loop thread id=130531869643648
2025-12-05 19:36:02,936 [INFO] [reactor/EventLoop.cc:40][EventLoop] Sub EventLoop created
2025-12-05 19:36:02,936 [DEBUG] [reactor/MultiThreadEventLoop.cc:28][MultiThreadEventLoop] Created sub EventLoop 3
2025-12-05 19:36:02,937 [DEBUG] [media/MonitorServer.cc:376][createEpollFd] Created MonitorServer Epoll fd: 21
2025-12-05 19:36:02,937 [INFO] [reactor/MultiThreadEventLoop.cc:38][start] Starting MultiThreadEventLoop...
2025-12-05 19:36:02,938 [DEBUG] [reactor/ThreadPool.cc:47][addTask] Adding task to thread pool
2025-12-05 19:36:02,938 [DEBUG] [reactor/MultiThreadEventLoop.cc:57][start] Added thread task 0 to thread pool
2025-12-05 19:36:02,938 [DEBUG] [reactor/ThreadPool.cc:47][addTask] Adding task to thread pool
2025-12-05 19:36:02,938 [DEBUG] [reactor/MultiThreadEventLoop.cc:57][start] Added thread task 1 to thread pool
2025-12-05 19:36:02,938 [DEBUG] [reactor/ThreadPool.cc:47][addTask] Adding task to thread pool
2025-12-05 19:36:02,938 [DEBUG] [reactor/MultiThreadEventLoop.cc:57][start] Added thread task 2 to thread pool
2025-12-05 19:36:02,938 [INFO] [media/MonitorServer.cc:84][acceptLoop] MonitorServer listening on êŒ?Œ∑v
2025-12-05 19:36:02,939 [INFO] [media/MonitorServer.cc:389][addEpollReadFd] MonitorServer AddEpollReadFd fd=24, loop thread id=130531811391040
2025-12-05 19:36:02,939 [INFO] [media/MonitorServer.cc:389][addEpollReadFd] MonitorServer AddEpollReadFd fd=22, loop thread id=130531811391040
2025-12-05 19:36:02,938 [DEBUG] [reactor/ThreadPool.cc:47][addTask] Adding task to thread pool
2025-12-05 19:36:02,939 [DEBUG] [reactor/MultiThreadEventLoop.cc:57][start] Added thread task 3 to thread pool
2025-12-05 19:36:02,939 [INFO] [reactor/ThreadPool.cc:19][start] Starting ThreadPool with 4 threads
2025-12-05 19:36:02,940 [DEBUG] [reactor/ThreadPool.cc:23][start] Created worker thread 0
2025-12-05 19:36:02,940 [DEBUG] [reactor/ThreadPool.cc:65][doTask] Worker thread 5274671959822593830 started
2025-12-05 19:36:02,941 [DEBUG] [reactor/ThreadPool.cc:57][getTask] Retrieved task from queue
2025-12-05 19:36:02,941 [DEBUG] [reactor/ThreadPool.cc:72][doTask] Worker thread executing task
2025-12-05 19:36:02,941 [INFO] [reactor/MultiThreadEventLoop.cc:45][operator()] Worker thread starting EventLoop 0
2025-12-05 19:36:02,942 [DEBUG] [reactor/EventLoop.cc:263][setMessageCallback] Message callback set
2025-12-05 19:36:02,942 [DEBUG] [reactor/EventLoop.cc:267][setCloseCallback] Close callback set
2025-12-05 19:36:02,941 [DEBUG] [reactor/ThreadPool.cc:65][doTask] Worker thread 13960371091414948083 started
2025-12-05 19:36:02,942 [DEBUG] [reactor/ThreadPool.cc:57][getTask] Retrieved task from queue
2025-12-05 19:36:02,942 [DEBUG] [reactor/ThreadPool.cc:72][doTask] Worker thread executing task
2025-12-05 19:36:02,942 [INFO] [reactor/MultiThreadEventLoop.cc:45][operator()] Worker thread starting EventLoop 1
2025-12-05 19:36:02,942 [DEBUG] [reactor/EventLoop.cc:263][setMessageCallback] Message callback set
2025-12-05 19:36:02,941 [DEBUG] [reactor/ThreadPool.cc:23][start] Created worker thread 1
2025-12-05 19:36:02,942 [INFO] [reactor/EventLoop.cc:58][loop] EventLoop started in thread: 5274671959822593830
2025-12-05 19:36:02,942 [DEBUG] [reactor/EventLoop.cc:267][setCloseCallback] Close callback set
2025-12-05 19:36:02,944 [INFO] [reactor/EventLoop.cc:58][loop] EventLoop started in thread: 13960371091414948083
2025-12-05 19:36:02,944 [DEBUG] [reactor/ThreadPool.cc:23][start] Created worker thread 2
2025-12-05 19:36:02,944 [DEBUG] [reactor/ThreadPool.cc:65][doTask] Worker thread 4017444465611029138 started
2025-12-05 19:36:02,944 [DEBUG] [reactor/ThreadPool.cc:57][getTask] Retrieved task from queue
2025-12-05 19:36:02,945 [DEBUG] [reactor/ThreadPool.cc:72][doTask] Worker thread executing task
2025-12-05 19:36:02,945 [INFO] [reactor/MultiThreadEventLoop.cc:45][operator()] Worker thread starting EventLoop 2
2025-12-05 19:36:02,945 [DEBUG] [reactor/EventLoop.cc:263][setMessageCallback] Message callback set
2025-12-05 19:36:02,945 [DEBUG] [reactor/EventLoop.cc:267][setCloseCallback] Close callback set
2025-12-05 19:36:02,945 [INFO] [reactor/EventLoop.cc:58][loop] EventLoop started in thread: 4017444465611029138
2025-12-05 19:36:02,945 [DEBUG] [reactor/ThreadPool.cc:23][start] Created worker thread 3
2025-12-05 19:36:02,945 [INFO] [reactor/ThreadPool.cc:25][start] ThreadPool started successfully
2025-12-05 19:36:02,945 [DEBUG] [reactor/ThreadPool.cc:65][doTask] Worker thread 12274445492288453068 started
2025-12-05 19:36:02,945 [DEBUG] [reactor/ThreadPool.cc:57][getTask] Retrieved task from queue
2025-12-05 19:36:02,945 [DEBUG] [reactor/ThreadPool.cc:72][doTask] Worker thread executing task
2025-12-05 19:36:02,946 [INFO] [reactor/MultiThreadEventLoop.cc:45][operator()] Worker thread starting EventLoop 3
2025-12-05 19:36:02,946 [DEBUG] [reactor/EventLoop.cc:263][setMessageCallback] Message callback set
2025-12-05 19:36:02,946 [DEBUG] [reactor/EventLoop.cc:267][setCloseCallback] Close callback set
2025-12-05 19:36:02,946 [INFO] [reactor/EventLoop.cc:58][loop] EventLoop started in thread: 12274445492288453068
2025-12-05 19:36:02,945 [INFO] [reactor/MultiThreadEventLoop.cc:60][start] Thread pool started with 4 threads
2025-12-05 19:36:02,946 [DEBUG] [reactor/EventLoop.cc:259][setNewConnectionCallback] New connection callback set
2025-12-05 19:36:02,946 [INFO] [reactor/MultiThreadEventLoop.cc:67][start] Starting main EventLoop...
2025-12-05 19:36:02,946 [INFO] [reactor/Acceptor.cc:16][ready] Preparing Acceptor for listening...
2025-12-05 19:36:02,946 [DEBUG] [reactor/Acceptor.cc:31][setReuseAddr] SO_REUSEADDR set successfully
2025-12-05 19:36:02,946 [DEBUG] [reactor/Acceptor.cc:41][setReusePort] SO_REUSEPORT set successfully
2025-12-05 19:36:02,946 [INFO] [reactor/Acceptor.cc:50][bind] Socket bound to 0.0.0.0:8554
2025-12-05 19:36:02,946 [INFO] [reactor/Acceptor.cc:59][listen] Socket listening with backlog: 128
2025-12-05 19:36:02,947 [INFO] [reactor/Acceptor.cc:21][ready] Acceptor ready for accepting connections
2025-12-05 19:36:02,947 [INFO] [reactor/EventLoop.cc:58][loop] EventLoop started in thread: 3050794066431805097
2025-12-05 19:36:05,942 [DEBUG] [media/MonitorServer.cc:93][acceptLoop] MonitorServer epoll_wait timeout, thread id: 9260886744218373670
2025-12-05 19:36:05,947 [DEBUG] [reactor/EventLoop.cc:128][waitEpollFd] epoll_wait timeout, thread id: 5274671959822593830
2025-12-05 19:36:05,947 [DEBUG] [reactor/EventLoop.cc:128][waitEpollFd] epoll_wait timeout, thread id: 4017444465611029138
2025-12-05 19:36:05,947 [DEBUG] [reactor/EventLoop.cc:128][waitEpollFd] epoll_wait timeout, thread id: 13960371091414948083
2025-12-05 19:36:05,947 [DEBUG] [reactor/EventLoop.cc:128][waitEpollFd] epoll_wait timeout, thread id: 12274445492288453068
2025-12-05 19:36:05,950 [DEBUG] [reactor/EventLoop.cc:128][waitEpollFd] epoll_wait timeout, thread id: 3050794066431805097
2025-12-05 19:36:07,341 [DEBUG] [reactor/EventLoop.cc:142][waitEpollFd] New connection event on acceptor fd: 5
2025-12-05 19:36:07,342 [DEBUG] [reactor/Acceptor.cc:68][accept] Accepted new connection, fd: 25
2025-12-05 19:36:07,342 [INFO] [reactor/EventLoop.cc:177][handleNewConnection] New connection accepted, fd: 25
2025-12-05 19:36:07,342 [DEBUG] [reactor/MultiThreadEventLoop.cc:112][getNextLoop] Selected sub EventLoop 0 for new connection
2025-12-05 19:36:07,342 [DEBUG] [reactor/EventLoop.cc:275][runInLoop] Queuing function to run in loop thread
2025-12-05 19:36:07,343 [DEBUG] [reactor/Eventor.cc:42][addEventcb] Added event callback, total pending: 1
2025-12-05 19:36:07,343 [DEBUG] [reactor/Eventor.cc:21][wakeUp] Eventor wakeUp successful
2025-12-05 19:36:07,343 [DEBUG] [reactor/EventLoop.cc:147][waitEpollFd] Eventor event on fd: 10
2025-12-05 19:36:07,343 [DEBUG] [reactor/Eventor.cc:35][handleRead] Eventor handleRead successful, processing 1 pending functions
2025-12-05 19:36:07,344 [DEBUG] [reactor/Eventor.cc:51][doPenddingFunctors] Executing 1 pending functions
2025-12-05 19:36:07,344 [INFO] [reactor/TcpConnection.cc:28][TcpConnection] TcpConnection created - fd: 25, local: 192.168.55.101:8554, peer: 192.168.55.1:36158
2025-12-05 19:36:07,344 [DEBUG] [reactor/MultiThreadEventLoop.cc:120][operator()] Created TcpConnection for fd: 25
2025-12-05 19:36:07,344 [INFO] [reactor/EventLoop.cc:219][addEpollReadFd] AddEpollReadFd fd=25, loop thread id=130531802998336
2025-12-05 19:36:07,344 [DEBUG] [reactor/EventLoop.cc:84][addTcpConnection] Added connection fd: 25, total tcpconnections: 1
2025-12-05 19:36:07,345 [DEBUG] [reactor/TcpConnection.cc:267][setMessageCallback] Message callback set for fd 25
2025-12-05 19:36:07,345 [DEBUG] [reactor/TcpConnection.cc:271][setCloseCallback] Close callback set for fd 25
2025-12-05 19:36:07,345 [INFO] [media/RtspConnect.cc:32][RtspConnect] RtspConnect created - Session: 6932c3a7-1, Client: 192.168.55.1
2025-12-05 19:36:07,345 [DEBUG] [reactor/TcpConnection.cc:255][setRtspConnect] RTSP connection set for fd 25
2025-12-05 19:36:07,345 [DEBUG] [reactor/MultiThreadEventLoop.cc:128][operator()] RTSP connection setup completed for fd: 25
2025-12-05 19:36:07,346 [DEBUG] [reactor/Eventor.cc:55][doPenddingFunctors] All pending functions executed
2025-12-05 19:36:08,435 [DEBUG] [reactor/MultiThreadEventLoop.cc:147][onMessage] Handling RTSP request (88 bytes)
2025-12-05 19:36:08,436 [DEBUG] [media/RtspConnect.cc:41][handleRequest] Handling RTSP request:
OPTIONS rtsp://192.168.55.101:8554/stream RTSP/1.0
CSeq: 1
User-Agent: RTSP Client


2025-12-05 19:36:08,436 [INFO] [media/RtspConnect.cc:116][handleOpitions] Handling OPITIONS request, CSeq: 1
2025-12-05 19:36:08,436 [DEBUG] [media/RtspConnect.cc:335][sendResponse] Sending RTSP response:
RTSP/1.0 200 OK
CSeq: 1
Server: RTSP Server/1.0
Public: OPTIONS, ANNOUNCE, SETUP, TEARDOWN, RECORD


2025-12-05 19:36:08,437 [DEBUG] [reactor/MultiThreadEventLoop.cc:147][onMessage] Handling RTSP request (257 bytes)
2025-12-05 19:36:08,437 [DEBUG] [media/RtspConnect.cc:41][handleRequest] Handling RTSP request:
ANNOUNCE rtsp://192.168.55.101:8554/stream RTSP/1.0
CSeq: 2
Content-Type: application/sdp
Content-Length: 116
User-Agent: RTSP Client

v=0
o=- 0 0 IN IP4 0.0.0.0
s=RTSP Push
t=0 0
m=video 0 RTP/AVP 96
a=rtpmap:96 H264/90000
a=control:trackID=0

2025-12-05 19:36:08,437 [INFO] [media/RtspConnect.cc:124][handleAnnounce] Handling ANNOUNCE request, CSeq: 2
2025-12-05 19:36:08,437 [DEBUG] [media/RtspConnect.cc:130][handleAnnounce] Received SDP via ANNOUNCE:
v=0
o=- 0 0 IN IP4 0.0.0.0
s=RTSP Push
t=0 0
m=video 0 RTP/AVP 96
a=rtpmap:96 H264/90000
a=control:trackID=0

2025-12-05 19:36:08,438 [DEBUG] [media/RtspConnect.cc:335][sendResponse] Sending RTSP response:
RTSP/1.0 200 OK
CSeq: 2
Server: RTSP Server/1.0


2025-12-05 19:36:08,438 [DEBUG] [reactor/MultiThreadEventLoop.cc:147][onMessage] Handling RTSP request (150 bytes)
2025-12-05 19:36:08,438 [DEBUG] [media/RtspConnect.cc:41][handleRequest] Handling RTSP request:
SETUP rtsp://192.168.55.101:8554/stream/trackID=0 RTSP/1.0
CSeq: 3
Transport: RTP/AVP/UDP;unicast;client_port=5004-5005
User-Agent: RTSP Client


2025-12-05 19:36:08,439 [INFO] [media/RtspConnect.cc:139][handleSetup] Handling SETUP request, URL: rtsp://192.168.55.101:8554/stream/trackID=0, CSeq: 3
2025-12-05 19:36:08,439 [INFO] [media/RtspConnect.cc:164][handleSetup] Transport type: UDP
2025-12-05 19:36:08,439 [DEBUG] [media/SessionManager.cc:40][allocateUdpPorts] Allocated UDP ports starting from: 10000
2025-12-05 19:36:08,439 [INFO] [reactor/EventLoop.cc:219][addEpollReadFd] AddEpollReadFd fd=26, loop thread id=130531802998336
2025-12-05 19:36:08,439 [DEBUG] [reactor/EventLoop.cc:99][addUdpConnection] Added connection fd: 26,port:10000, total udpconnections: 1
2025-12-05 19:36:08,439 [INFO] [media/RtspConnect.cc:194][handleSetup] UDP mode - Client RTP ports: 5004-5005, Server RTP ports: 10000-10001
2025-12-05 19:36:08,440 [DEBUG] [media/RtspConnect.cc:335][sendResponse] Sending RTSP response:
RTSP/1.0 200 OK
CSeq: 3
Server: RTSP Server/1.0
Session: 6932c3a7-1;timeout=60
Transport: RTP/AVP/UDP;unicast;client_port=5004-5005;server_port=10000-10001


2025-12-05 19:36:08,441 [DEBUG] [reactor/MultiThreadEventLoop.cc:147][onMessage] Handling RTSP request (126 bytes)
2025-12-05 19:36:08,441 [DEBUG] [media/RtspConnect.cc:41][handleRequest] Handling RTSP request:
RECORD rtsp://192.168.55.101:8554/stream RTSP/1.0
CSeq: 4
Session: 6932c3a7-1
User-Agent: RTSP Client
KcpId: -27637645


2025-12-05 19:36:08,441 [INFO] [media/RtspConnect.cc:238][handleRecord] Handling RECORD request, URL: rtsp://192.168.55.101:8554/stream, CSeq: 4
2025-12-05 19:36:08,441 [DEBUG] [media/RtspConnect.cc:335][sendResponse] Sending RTSP response:
RTSP/1.0 200 OK
CSeq: 4
Server: RTSP Server/1.0
Session: 6932c3a7-1


2025-12-05 19:36:08,942 [DEBUG] [media/MonitorServer.cc:93][acceptLoop] MonitorServer epoll_wait timeout, thread id: 9260886744218373670
2025-12-05 19:36:08,950 [DEBUG] [reactor/EventLoop.cc:128][waitEpollFd] epoll_wait timeout, thread id: 4017444465611029138
2025-12-05 19:36:08,951 [DEBUG] [reactor/EventLoop.cc:128][waitEpollFd] epoll_wait timeout, thread id: 13960371091414948083
2025-12-05 19:36:08,951 [DEBUG] [reactor/EventLoop.cc:128][waitEpollFd] epoll_wait timeout, thread id: 12274445492288453068
2025-12-05 19:36:10,346 [DEBUG] [reactor/EventLoop.cc:128][waitEpollFd] epoll_wait timeout, thread id: 3050794066431805097
2025-12-05 19:36:11,946 [DEBUG] [media/MonitorServer.cc:93][acceptLoop] MonitorServer epoll_wait timeout, thread id: 9260886744218373670
2025-12-05 19:36:11,954 [DEBUG] [reactor/EventLoop.cc:128][waitEpollFd] epoll_wait timeout, thread id: 4017444465611029138
2025-12-05 19:36:11,954 [DEBUG] [reactor/EventLoop.cc:128][waitEpollFd] epoll_wait timeout, thread id: 13960371091414948083
2025-12-05 19:36:11,954 [DEBUG] [reactor/EventLoop.cc:128][waitEpollFd] epoll_wait timeout, thread id: 12274445492288453068
2025-12-05 19:36:13,350 [DEBUG] [reactor/EventLoop.cc:128][waitEpollFd] epoll_wait timeout, thread id: 3050794066431805097
2025-12-05 19:36:14,949 [DEBUG] [media/MonitorServer.cc:93][acceptLoop] MonitorServer epoll_wait timeout, thread id: 9260886744218373670
2025-12-05 19:36:14,958 [DEBUG] [reactor/EventLoop.cc:128][waitEpollFd] epoll_wait timeout, thread id: 4017444465611029138
2025-12-05 19:36:14,958 [DEBUG] [reactor/EventLoop.cc:128][waitEpollFd] epoll_wait timeout, thread id: 13960371091414948083
2025-12-05 19:36:14,958 [DEBUG] [reactor/EventLoop.cc:128][waitEpollFd] epoll_wait timeout, thread id: 12274445492288453068
2025-12-05 19:36:16,353 [DEBUG] [reactor/EventLoop.cc:128][waitEpollFd] epoll_wait timeout, thread id: 3050794066431805097
2025-12-05 19:36:17,953 [DEBUG] [media/MonitorServer.cc:93][acceptLoop] MonitorServer epoll_wait timeout, thread id: 9260886744218373670
2025-12-05 19:36:17,961 [DEBUG] [reactor/EventLoop.cc:128][waitEpollFd] epoll_wait timeout, thread id: 4017444465611029138
2025-12-05 19:36:17,961 [DEBUG] [reactor/EventLoop.cc:128][waitEpollFd] epoll_wait timeout, thread id: 13960371091414948083
2025-12-05 19:36:17,961 [DEBUG] [reactor/EventLoop.cc:128][waitEpollFd] epoll_wait timeout, thread id: 12274445492288453068
2025-12-05 19:36:19,357 [DEBUG] [reactor/EventLoop.cc:128][waitEpollFd] epoll_wait timeout, thread id: 3050794066431805097
2025-12-05 19:36:20,956 [DEBUG] [media/MonitorServer.cc:93][acceptLoop] MonitorServer epoll_wait timeout, thread id: 9260886744218373670
2025-12-05 19:36:20,964 [DEBUG] [reactor/EventLoop.cc:128][waitEpollFd] epoll_wait timeout, thread id: 4017444465611029138
2025-12-05 19:36:20,965 [DEBUG] [reactor/EventLoop.cc:128][waitEpollFd] epoll_wait timeout, thread id: 13960371091414948083
2025-12-05 19:36:20,965 [DEBUG] [reactor/EventLoop.cc:128][waitEpollFd] epoll_wait timeout, thread id: 12274445492288453068
2025-12-05 19:36:22,360 [DEBUG] [reactor/EventLoop.cc:128][waitEpollFd] epoll_wait timeout, thread id: 3050794066431805097
2025-12-05 19:36:23,960 [DEBUG] [media/MonitorServer.cc:93][acceptLoop] MonitorServer epoll_wait timeout, thread id: 9260886744218373670
2025-12-05 19:36:23,968 [DEBUG] [reactor/EventLoop.cc:128][waitEpollFd] epoll_wait timeout, thread id: 4017444465611029138
2025-12-05 19:36:23,968 [DEBUG] [reactor/EventLoop.cc:128][waitEpollFd] epoll_wait timeout, thread id: 13960371091414948083
2025-12-05 19:36:23,968 [DEBUG] [reactor/EventLoop.cc:128][waitEpollFd] epoll_wait timeout, thread id: 12274445492288453068
2025-12-05 19:36:25,363 [DEBUG] [reactor/EventLoop.cc:128][waitEpollFd] epoll_wait timeout, thread id: 3050794066431805097
2025-12-05 19:36:26,963 [DEBUG] [media/MonitorServer.cc:93][acceptLoop] MonitorServer epoll_wait timeout, thread id: 9260886744218373670
2025-12-05 19:36:26,972 [DEBUG] [reactor/EventLoop.cc:128][waitEpollFd] epoll_wait timeout, thread id: 4017444465611029138
2025-12-05 19:36:26,972 [DEBUG] [reactor/EventLoop.cc:128][waitEpollFd] epoll_wait timeout, thread id: 12274445492288453068
2025-12-05 19:36:26,972 [DEBUG] [reactor/EventLoop.cc:128][waitEpollFd] epoll_wait timeout, thread id: 13960371091414948083
2025-12-05 19:36:28,367 [DEBUG] [reactor/EventLoop.cc:128][waitEpollFd] epoll_wait timeout, thread id: 3050794066431805097
2025-12-05 19:36:29,967 [DEBUG] [media/MonitorServer.cc:93][acceptLoop] MonitorServer epoll_wait timeout, thread id: 9260886744218373670
2025-12-05 19:36:29,973 [DEBUG] [reactor/EventLoop.cc:128][waitEpollFd] epoll_wait timeout, thread id: 12274445492288453068
2025-12-05 19:36:29,976 [DEBUG] [reactor/EventLoop.cc:128][waitEpollFd] epoll_wait timeout, thread id: 4017444465611029138
2025-12-05 19:36:29,976 [DEBUG] [reactor/EventLoop.cc:128][waitEpollFd] epoll_wait timeout, thread id: 13960371091414948083
2025-12-05 19:36:31,370 [DEBUG] [reactor/EventLoop.cc:128][waitEpollFd] epoll_wait timeout, thread id: 3050794066431805097
2025-12-05 19:36:32,970 [DEBUG] [media/MonitorServer.cc:93][acceptLoop] MonitorServer epoll_wait timeout, thread id: 9260886744218373670
2025-12-05 19:36:32,976 [DEBUG] [reactor/EventLoop.cc:128][waitEpollFd] epoll_wait timeout, thread id: 12274445492288453068
2025-12-05 19:36:32,979 [DEBUG] [reactor/EventLoop.cc:128][waitEpollFd] epoll_wait timeout, thread id: 13960371091414948083
2025-12-05 19:36:32,980 [DEBUG] [reactor/EventLoop.cc:128][waitEpollFd] epoll_wait timeout, thread id: 4017444465611029138
2025-12-05 19:36:34,374 [DEBUG] [reactor/EventLoop.cc:128][waitEpollFd] epoll_wait timeout, thread id: 3050794066431805097
2025-12-05 19:36:35,974 [DEBUG] [media/MonitorServer.cc:93][acceptLoop] MonitorServer epoll_wait timeout, thread id: 9260886744218373670
2025-12-05 19:36:35,976 [DEBUG] [reactor/EventLoop.cc:128][waitEpollFd] epoll_wait timeout, thread id: 12274445492288453068
2025-12-05 19:36:35,983 [DEBUG] [reactor/EventLoop.cc:128][waitEpollFd] epoll_wait timeout, thread id: 4017444465611029138
2025-12-05 19:36:35,983 [DEBUG] [reactor/EventLoop.cc:128][waitEpollFd] epoll_wait timeout, thread id: 13960371091414948083
2025-12-05 19:36:37,377 [DEBUG] [reactor/EventLoop.cc:128][waitEpollFd] epoll_wait timeout, thread id: 3050794066431805097
2025-12-05 19:36:38,976 [DEBUG] [media/MonitorServer.cc:93][acceptLoop] MonitorServer epoll_wait timeout, thread id: 9260886744218373670
2025-12-05 19:36:38,979 [DEBUG] [reactor/EventLoop.cc:128][waitEpollFd] epoll_wait timeout, thread id: 12274445492288453068
2025-12-05 19:36:38,986 [DEBUG] [reactor/EventLoop.cc:128][waitEpollFd] epoll_wait timeout, thread id: 4017444465611029138
2025-12-05 19:36:38,987 [DEBUG] [reactor/EventLoop.cc:128][waitEpollFd] epoll_wait timeout, thread id: 13960371091414948083
2025-12-05 19:36:40,381 [DEBUG] [reactor/EventLoop.cc:128][waitEpollFd] epoll_wait timeout, thread id: 3050794066431805097
2025-12-05 19:36:41,979 [DEBUG] [media/MonitorServer.cc:93][acceptLoop] MonitorServer epoll_wait timeout, thread id: 9260886744218373670
2025-12-05 19:36:41,983 [DEBUG] [reactor/EventLoop.cc:128][waitEpollFd] epoll_wait timeout, thread id: 12274445492288453068
2025-12-05 19:36:41,988 [DEBUG] [reactor/EventLoop.cc:128][waitEpollFd] epoll_wait timeout, thread id: 13960371091414948083
2025-12-05 19:36:41,989 [DEBUG] [reactor/EventLoop.cc:128][waitEpollFd] epoll_wait timeout, thread id: 4017444465611029138
2025-12-05 19:36:43,385 [DEBUG] [reactor/EventLoop.cc:128][waitEpollFd] epoll_wait timeout, thread id: 3050794066431805097
2025-12-05 19:36:44,983 [DEBUG] [media/MonitorServer.cc:93][acceptLoop] MonitorServer epoll_wait timeout, thread id: 9260886744218373670
2025-12-05 19:36:44,985 [DEBUG] [reactor/EventLoop.cc:128][waitEpollFd] epoll_wait timeout, thread id: 12274445492288453068
2025-12-05 19:36:44,992 [DEBUG] [reactor/EventLoop.cc:128][waitEpollFd] epoll_wait timeout, thread id: 13960371091414948083
2025-12-05 19:36:44,993 [DEBUG] [reactor/EventLoop.cc:128][waitEpollFd] epoll_wait timeout, thread id: 4017444465611029138
2025-12-05 19:36:46,388 [DEBUG] [reactor/EventLoop.cc:128][waitEpollFd] epoll_wait timeout, thread id: 3050794066431805097
2025-12-05 19:36:47,986 [DEBUG] [media/MonitorServer.cc:93][acceptLoop] MonitorServer epoll_wait timeout, thread id: 9260886744218373670
2025-12-05 19:36:47,986 [DEBUG] [reactor/EventLoop.cc:128][waitEpollFd] epoll_wait timeout, thread id: 12274445492288453068
2025-12-05 19:36:47,995 [DEBUG] [reactor/EventLoop.cc:128][waitEpollFd] epoll_wait timeout, thread id: 13960371091414948083
2025-12-05 19:36:47,997 [DEBUG] [reactor/EventLoop.cc:128][waitEpollFd] epoll_wait timeout, thread id: 4017444465611029138
2025-12-05 19:36:49,392 [DEBUG] [reactor/EventLoop.cc:128][waitEpollFd] epoll_wait timeout, thread id: 3050794066431805097
2025-12-05 19:36:50,989 [DEBUG] [media/MonitorServer.cc:93][acceptLoop] MonitorServer epoll_wait timeout, thread id: 9260886744218373670
2025-12-05 19:36:50,989 [DEBUG] [reactor/EventLoop.cc:128][waitEpollFd] epoll_wait timeout, thread id: 12274445492288453068
2025-12-05 19:36:50,999 [DEBUG] [reactor/EventLoop.cc:128][waitEpollFd] epoll_wait timeout, thread id: 13960371091414948083
2025-12-05 19:36:51,000 [DEBUG] [reactor/EventLoop.cc:128][waitEpollFd] epoll_wait timeout, thread id: 4017444465611029138
2025-12-05 19:36:52,395 [DEBUG] [reactor/EventLoop.cc:128][waitEpollFd] epoll_wait timeout, thread id: 3050794066431805097
2025-12-05 19:36:53,563 [INFO] [media/MonitorServer.cc:389][addEpollReadFd] MonitorServer AddEpollReadFd fd=27, loop thread id=130531811391040
2025-12-05 19:36:53,563 [INFO] [media/MonitorServer.cc:113][acceptLoop] MonitorServer new client fd=27
2025-12-05 19:36:53,993 [DEBUG] [reactor/EventLoop.cc:128][waitEpollFd] epoll_wait timeout, thread id: 12274445492288453068
2025-12-05 19:36:54,003 [DEBUG] [reactor/EventLoop.cc:128][waitEpollFd] epoll_wait timeout, thread id: 13960371091414948083
2025-12-05 19:36:54,003 [DEBUG] [reactor/EventLoop.cc:128][waitEpollFd] epoll_wait timeout, thread id: 4017444465611029138
2025-12-05 19:36:54,219 [DEBUG] [media/MonitorServer.cc:145][acceptLoop] Recv QTClient Request:
SETUP 192.168.5.10:10190
Cseq: 1
2025-12-05 19:36:54,219 [DEBUG] [media/MonitorServer.cc:314][sendRespond] Sending RTSP response:
200 OK
CSeq: 1
0: 6932c3a7-1
CamNum: 1


2025-12-05 19:36:54,271 [DEBUG] [media/MonitorServer.cc:145][acceptLoop] Recv QTClient Request:
MESSAGE 192.168.5.10:10190
Cseq: 2
6932c3a7-1: 58169 58170 1001
2025-12-05 19:36:55,399 [DEBUG] [reactor/EventLoop.cc:128][waitEpollFd] epoll_wait timeout, thread id: 3050794066431805097
2025-12-05 19:36:56,998 [DEBUG] [reactor/EventLoop.cc:128][waitEpollFd] epoll_wait timeout, thread id: 12274445492288453068
2025-12-05 19:36:57,006 [DEBUG] [reactor/EventLoop.cc:128][waitEpollFd] epoll_wait timeout, thread id: 13960371091414948083
2025-12-05 19:36:57,007 [DEBUG] [reactor/EventLoop.cc:128][waitEpollFd] epoll_wait timeout, thread id: 4017444465611029138
2025-12-05 19:36:58,402 [DEBUG] [reactor/EventLoop.cc:128][waitEpollFd] epoll_wait timeout, thread id: 3050794066431805097
2025-12-05 19:37:00,000 [DEBUG] [reactor/EventLoop.cc:128][waitEpollFd] epoll_wait timeout, thread id: 12274445492288453068
2025-12-05 19:37:00,010 [DEBUG] [reactor/EventLoop.cc:128][waitEpollFd] epoll_wait timeout, thread id: 13960371091414948083
2025-12-05 19:37:00,010 [DEBUG] [reactor/EventLoop.cc:128][waitEpollFd] epoll_wait timeout, thread id: 4017444465611029138
2025-12-05 19:37:01,404 [DEBUG] [reactor/EventLoop.cc:128][waitEpollFd] epoll_wait timeout, thread id: 3050794066431805097
2025-12-05 19:37:03,003 [DEBUG] [reactor/EventLoop.cc:128][waitEpollFd] epoll_wait timeout, thread id: 12274445492288453068
2025-12-05 19:37:03,013 [DEBUG] [reactor/EventLoop.cc:128][waitEpollFd] epoll_wait timeout, thread id: 13960371091414948083
2025-12-05 19:37:03,014 [DEBUG] [reactor/EventLoop.cc:128][waitEpollFd] epoll_wait timeout, thread id: 4017444465611029138
2025-12-05 19:37:04,406 [DEBUG] [reactor/EventLoop.cc:128][waitEpollFd] epoll_wait timeout, thread id: 3050794066431805097
2025-12-05 19:37:06,007 [DEBUG] [reactor/EventLoop.cc:128][waitEpollFd] epoll_wait timeout, thread id: 12274445492288453068
2025-12-05 19:37:06,016 [DEBUG] [reactor/EventLoop.cc:128][waitEpollFd] epoll_wait timeout, thread id: 13960371091414948083
2025-12-05 19:37:06,017 [DEBUG] [reactor/EventLoop.cc:128][waitEpollFd] epoll_wait timeout, thread id: 4017444465611029138
2025-12-05 19:37:06,640 [DEBUG] [media/MonitorServer.cc:124][acceptLoop] Qt Client closed!
2025-12-05 19:37:06,640 [DEBUG] [media/MonitorServer.cc:402][delEpollReadFd] MonitorServer Removed fd 27 from epoll read events
2025-12-05 19:37:07,409 [DEBUG] [reactor/EventLoop.cc:128][waitEpollFd] epoll_wait timeout, thread id: 3050794066431805097
2025-12-05 19:37:09,010 [DEBUG] [reactor/EventLoop.cc:128][waitEpollFd] epoll_wait timeout, thread id: 12274445492288453068
2025-12-05 19:37:09,020 [DEBUG] [reactor/EventLoop.cc:128][waitEpollFd] epoll_wait timeout, thread id: 13960371091414948083
2025-12-05 19:37:09,020 [DEBUG] [reactor/EventLoop.cc:128][waitEpollFd] epoll_wait timeout, thread id: 4017444465611029138
2025-12-05 19:37:09,645 [DEBUG] [media/MonitorServer.cc:93][acceptLoop] MonitorServer epoll_wait timeout, thread id: 9260886744218373670
2025-12-05 19:37:10,413 [DEBUG] [reactor/EventLoop.cc:128][waitEpollFd] epoll_wait timeout, thread id: 3050794066431805097
2025-12-05 19:37:11,373 [DEBUG] [reactor/MultiThreadEventLoop.cc:147][onMessage] Handling RTSP request (110 bytes)
2025-12-05 19:37:11,373 [DEBUG] [media/RtspConnect.cc:41][handleRequest] Handling RTSP request:
TEARDOWN rtsp://192.168.55.101:8554/stream RTSP/1.0
CSeq: 5
Session: 6932c3a7-1
User-Agent: RTSP Client


2025-12-05 19:37:11,373 [INFO] [media/RtspConnect.cc:299][handleTeardown] Handling TEARDOWN request, URL: rtsp://192.168.55.101:8554/stream, CSeq: 5
2025-12-05 19:37:11,377 [DEBUG] [reactor/EventLoop.cc:231][delEpollReadFd] Removed fd 26 from epoll read events
2025-12-05 19:37:11,377 [DEBUG] [reactor/EventLoop.cc:115][removeUdpConnection] Removed UdpConnection fd: 26, remaining udpconnections: 0
2025-12-05 19:37:11,378 [DEBUG] [media/RtspConnect.cc:335][sendResponse] Sending RTSP response:
RTSP/1.0 200 OK
CSeq: 5
Server: RTSP Server/1.0


2025-12-05 19:37:11,702 [DEBUG] [reactor/EventLoop.cc:185][handleMessage] Connection fd: 25 is closed, handling close callback
2025-12-05 19:37:11,702 [DEBUG] [reactor/TcpConnection.cc:293][handleCloseCallback] Executing close callback for fd 25
2025-12-05 19:37:11,702 [INFO] [reactor/MultiThreadEventLoop.cc:159][onClose] Connection closed: 192.168.55.101:8554 <-- 192.168.55.1:36158
2025-12-05 19:37:11,702 [DEBUG] [reactor/MultiThreadEventLoop.cc:162][onClose] RTSP session will be released for: 192.168.55.101:8554 <-- 192.168.55.1:36158
2025-12-05 19:37:11,702 [ERROR] [reactor/EventLoop.cc:228][delEpollReadFd] epoll_ctl_del failed for fd 26: No such file or directory
2025-12-05 19:37:11,702 [DEBUG] [reactor/EventLoop.cc:115][removeUdpConnection] Removed UdpConnection fd: 26, remaining udpconnections: 0
2025-12-05 19:37:11,702 [DEBUG] [reactor/TcpConnection.cc:33][~TcpConnection] TcpConnection destructor - fd: 25
2025-12-05 19:37:11,703 [INFO] [media/RtspConnect.cc:37][~RtspConnect] RtspConnect destroyed - Session: 6932c3a7-1
2025-12-05 19:37:11,703 [ERROR] [reactor/EventLoop.cc:228][delEpollReadFd] epoll_ctl_del failed for fd 25: Bad file descriptor
2025-12-05 19:37:11,703 [DEBUG] [reactor/EventLoop.cc:107][removeTcpConnection] Removed TcpConnection fd: 25, remaining tcpconnections: 0
2025-12-05 19:37:12,013 [DEBUG] [reactor/EventLoop.cc:128][waitEpollFd] epoll_wait timeout, thread id: 12274445492288453068
2025-12-05 19:37:12,023 [DEBUG] [reactor/EventLoop.cc:128][waitEpollFd] epoll_wait timeout, thread id: 13960371091414948083
2025-12-05 19:37:12,023 [DEBUG] [reactor/EventLoop.cc:128][waitEpollFd] epoll_wait timeout, thread id: 4017444465611029138
2025-12-05 19:37:12,649 [DEBUG] [media/MonitorServer.cc:93][acceptLoop] MonitorServer epoll_wait timeout, thread id: 9260886744218373670
2025-12-05 19:37:13,417 [DEBUG] [reactor/EventLoop.cc:128][waitEpollFd] epoll_wait timeout, thread id: 3050794066431805097
2025-12-05 19:37:14,706 [DEBUG] [reactor/EventLoop.cc:128][waitEpollFd] epoll_wait timeout, thread id: 5274671959822593830
2025-12-05 19:37:15,016 [INFO] [reactor/MultiThreadEventLoop.cc:78][stop] Stopping MultiThreadEventLoop...
2025-12-05 19:37:15,016 [DEBUG] [reactor/MultiThreadEventLoop.cc:82][stop] Stopping all sub EventLoops
2025-12-05 19:37:15,016 [INFO] [reactor/EventLoop.cc:66][unloop] EventLoop unloop called
2025-12-05 19:37:15,017 [INFO] [reactor/EventLoop.cc:66][unloop] EventLoop unloop called
2025-12-05 19:37:15,017 [INFO] [reactor/EventLoop.cc:66][unloop] EventLoop unloop called
2025-12-05 19:37:15,017 [INFO] [reactor/EventLoop.cc:66][unloop] EventLoop unloop called
2025-12-05 19:37:15,017 [DEBUG] [reactor/MultiThreadEventLoop.cc:88][stop] Stopping main EventLoop
2025-12-05 19:37:15,017 [INFO] [reactor/EventLoop.cc:66][unloop] EventLoop unloop called
2025-12-05 19:37:15,017 [DEBUG] [reactor/MultiThreadEventLoop.cc:93][stop] Stopping thread pool
2025-12-05 19:37:15,017 [INFO] [reactor/ThreadPool.cc:29][stop] Stopping ThreadPool...
2025-12-05 19:37:15,017 [DEBUG] [reactor/ThreadPool.cc:38][stop] Joining 4 worker threads
2025-12-05 19:37:15,018 [DEBUG] [reactor/EventLoop.cc:128][waitEpollFd] epoll_wait timeout, thread id: 12274445492288453068
2025-12-05 19:37:15,018 [INFO] [reactor/EventLoop.cc:62][loop] EventLoop stopped in thread: 12274445492288453068
2025-12-05 19:37:15,018 [INFO] [reactor/MultiThreadEventLoop.cc:55][operator()] Worker thread EventLoop 3 stopped
2025-12-05 19:37:15,018 [DEBUG] [reactor/ThreadPool.cc:79][doTask] Worker thread 12274445492288453068 stopped
2025-12-05 19:37:15,027 [DEBUG] [reactor/EventLoop.cc:128][waitEpollFd] epoll_wait timeout, thread id: 4017444465611029138
2025-12-05 19:37:15,027 [INFO] [reactor/EventLoop.cc:62][loop] EventLoop stopped in thread: 4017444465611029138
2025-12-05 19:37:15,027 [INFO] [reactor/MultiThreadEventLoop.cc:55][operator()] Worker thread EventLoop 2 stopped
2025-12-05 19:37:15,027 [DEBUG] [reactor/ThreadPool.cc:79][doTask] Worker thread 4017444465611029138 stopped
2025-12-05 19:37:15,027 [DEBUG] [reactor/EventLoop.cc:128][waitEpollFd] epoll_wait timeout, thread id: 13960371091414948083
2025-12-05 19:37:15,027 [INFO] [reactor/EventLoop.cc:62][loop] EventLoop stopped in thread: 13960371091414948083
2025-12-05 19:37:15,027 [INFO] [reactor/MultiThreadEventLoop.cc:55][operator()] Worker thread EventLoop 1 stopped
2025-12-05 19:37:15,027 [DEBUG] [reactor/ThreadPool.cc:79][doTask] Worker thread 13960371091414948083 stopped
2025-12-05 19:37:15,653 [DEBUG] [media/MonitorServer.cc:93][acceptLoop] MonitorServer epoll_wait timeout, thread id: 9260886744218373670
2025-12-05 19:37:17,710 [DEBUG] [reactor/EventLoop.cc:128][waitEpollFd] epoll_wait timeout, thread id: 5274671959822593830
2025-12-05 19:37:17,710 [INFO] [reactor/EventLoop.cc:62][loop] EventLoop stopped in thread: 5274671959822593830
2025-12-05 19:37:17,710 [INFO] [reactor/MultiThreadEventLoop.cc:55][operator()] Worker thread EventLoop 0 stopped
2025-12-05 19:37:17,710 [DEBUG] [reactor/ThreadPool.cc:79][doTask] Worker thread 5274671959822593830 stopped
2025-12-05 19:37:17,711 [INFO] [reactor/ThreadPool.cc:42][stop] ThreadPool stopped successfully
2025-12-05 19:37:17,711 [DEBUG] [reactor/EventLoop.cc:44][~EventLoop] EventLoop destructor called, closing epoll fd: 9
2025-12-05 19:37:17,711 [DEBUG] [reactor/EventLoop.cc:231][delEpollReadFd] Removed fd 10 from epoll read events
2025-12-05 19:37:17,711 [DEBUG] [reactor/EventLoop.cc:231][delEpollReadFd] Removed fd 11 from epoll read events
2025-12-05 19:37:17,711 [DEBUG] [reactor/EventLoop.cc:52][~EventLoop] EventLoop destroyed safely
2025-12-05 19:37:17,711 [DEBUG] [reactor/TimerManager.cc:14][~TimerManager] TimeManager destructor, closing fd: 11
2025-12-05 19:37:17,711 [DEBUG] [reactor/Eventor.cc:10][~Eventor] Eventor destructor, closing fd: 10
2025-12-05 19:37:17,711 [DEBUG] [reactor/EventLoop.cc:44][~EventLoop] EventLoop destructor called, closing epoll fd: 12
2025-12-05 19:37:17,711 [DEBUG] [reactor/EventLoop.cc:231][delEpollReadFd] Removed fd 13 from epoll read events
2025-12-05 19:37:17,711 [DEBUG] [reactor/EventLoop.cc:231][delEpollReadFd] Removed fd 14 from epoll read events
2025-12-05 19:37:17,711 [DEBUG] [reactor/EventLoop.cc:52][~EventLoop] EventLoop destroyed safely
2025-12-05 19:37:17,711 [DEBUG] [reactor/TimerManager.cc:14][~TimerManager] TimeManager destructor, closing fd: 14
2025-12-05 19:37:17,711 [DEBUG] [reactor/Eventor.cc:10][~Eventor] Eventor destructor, closing fd: 13
2025-12-05 19:37:17,711 [DEBUG] [reactor/EventLoop.cc:44][~EventLoop] EventLoop destructor called, closing epoll fd: 15
2025-12-05 19:37:17,711 [DEBUG] [reactor/EventLoop.cc:231][delEpollReadFd] Removed fd 16 from epoll read events
2025-12-05 19:37:17,711 [DEBUG] [reactor/EventLoop.cc:231][delEpollReadFd] Removed fd 17 from epoll read events
2025-12-05 19:37:17,711 [DEBUG] [reactor/EventLoop.cc:52][~EventLoop] EventLoop destroyed safely
2025-12-05 19:37:17,711 [DEBUG] [reactor/TimerManager.cc:14][~TimerManager] TimeManager destructor, closing fd: 17
2025-12-05 19:37:17,711 [DEBUG] [reactor/Eventor.cc:10][~Eventor] Eventor destructor, closing fd: 16
2025-12-05 19:37:17,711 [DEBUG] [reactor/EventLoop.cc:44][~EventLoop] EventLoop destructor called, closing epoll fd: 18
2025-12-05 19:37:17,711 [DEBUG] [reactor/EventLoop.cc:231][delEpollReadFd] Removed fd 19 from epoll read events
2025-12-05 19:37:17,711 [DEBUG] [reactor/EventLoop.cc:231][delEpollReadFd] Removed fd 20 from epoll read events
2025-12-05 19:37:17,711 [DEBUG] [reactor/EventLoop.cc:52][~EventLoop] EventLoop destroyed safely
2025-12-05 19:37:17,711 [DEBUG] [reactor/TimerManager.cc:14][~TimerManager] TimeManager destructor, closing fd: 20
2025-12-05 19:37:17,711 [DEBUG] [reactor/Eventor.cc:10][~Eventor] Eventor destructor, closing fd: 19
2025-12-05 19:37:17,711 [DEBUG] [reactor/MultiThreadEventLoop.cc:99][stop] Stopping main EventLoop
2025-12-05 19:37:17,711 [INFO] [reactor/MultiThreadEventLoop.cc:101][stop] MultiThreadEventLoop stopped successfully
2025-12-05 19:37:18,656 [DEBUG] [media/MonitorServer.cc:93][acceptLoop] MonitorServer epoll_wait timeout, thread id: 9260886744218373670
2025-12-05 19:37:20,715 [DEBUG] [reactor/EventLoop.cc:128][waitEpollFd] epoll_wait timeout, thread id: 3050794066431805097
2025-12-05 19:37:20,715 [INFO] [reactor/EventLoop.cc:62][loop] EventLoop stopped in thread: 3050794066431805097
2025-12-05 19:37:20,715 [DEBUG] [reactor/MultiThreadEventLoop.cc:33][~MultiThreadEventLoop] MultiThreadEventLoop destructor called
2025-12-05 19:37:20,715 [DEBUG] [reactor/ThreadPool.cc:15][~ThreadPool] ThreadPool destructor called
2025-12-05 19:37:20,715 [DEBUG] [reactor/EventLoop.cc:44][~EventLoop] EventLoop destructor called, closing epoll fd: 6
2025-12-05 19:37:20,716 [DEBUG] [reactor/EventLoop.cc:52][~EventLoop] EventLoop destroyed safely
2025-12-05 19:37:20,716 [DEBUG] [reactor/TimerManager.cc:14][~TimerManager] TimeManager destructor, closing fd: 8
2025-12-05 19:37:20,716 [DEBUG] [reactor/Eventor.cc:10][~Eventor] Eventor destructor, closing fd: 7
2025-12-05 19:37:20,716 [DEBUG] [reactor/Acceptor.cc:12][~Acceptor] Acceptor destructor called
